<?xml version="1.0" encoding="UTF-8"?>
<!-- Generated by org.testng.reporters.JUnitXMLReporter -->
<testsuite ignored="1" hostname="Priyanka" failures="0" tests="4" name="Default test" time="0.107" errors="0" timestamp="2026-07-08T21:34:25 IST">
  <testcase classname="com.WebTesting.TestNG.Tc063_TestNGDisableTestFromExecutionusingEnabledAttribute" name="register" time="0.012"/>
  <testcase classname="com.WebTesting.TestNG.Tc063_TestNGDisableTestFromExecutionusingEnabledAttribute" name="login" time="0.002"/>
  <testcase classname="com.WebTesting.TestNG.Tc063_TestNGDisableTestFromExecutionusingEnabledAttribute" name="search" time="0.002"/>
  <testcase classname="com.WebTesting.TestNG.Tc063_TestNGDisableTestFromExecutionusingEnabledAttribute" name="logout" time="0.002"/>
  <testcase classname="com.WebTesting.TestNG.Tc063_TestNGDisableTestFromExecutionusingEnabledAttribute" name="addToCart" time="0.0">
    <ignored/>
  </testcase> <!-- addToCart -->
</testsuite> <!-- Default test -->
