<?xml version="1.0" encoding="UTF-8"?>
<!-- Generated by org.testng.reporters.JUnitXMLReporter -->
<testsuite ignored="0" hostname="Priyanka" failures="0" tests="6" name="EdgeTest" time="20.091" errors="0" timestamp="2026-07-17T21:45:43 IST">
  <testcase classname="com.SwagLab.TestCases.InventoryPageTest" name="verifyProductCount" time="0.103"/>
  <testcase classname="com.SwagLab.TestCases.LoginPageTest" name="verifyUrl" time="0.054"/>
  <testcase classname="com.SwagLab.TestCases.InventoryPageTest" name="verifyProductDetails" time="0.603"/>
  <testcase classname="com.SwagLab.TestCases.LoginPageTest" name="verifyTitle" time="0.041"/>
  <testcase classname="com.SwagLab.TestCases.InventoryPageTest" name="validateAddProductToCart" time="1.266"/>
  <testcase classname="com.SwagLab.TestCases.LoginPageTest" name="validateLogin" time="1.048"/>
</testsuite> <!-- EdgeTest -->
