<?xml version="1.0" encoding="UTF-8"?>
<!-- Generated by org.testng.reporters.JUnitXMLReporter -->
<testsuite ignored="0" hostname="Priyanka" failures="0" tests="6" name="FirefoxTest" time="47.556" errors="0" timestamp="2026-07-17T21:46:10 IST">
  <testcase classname="com.SwagLab.TestCases.InventoryPageTest" name="verifyProductCount" time="0.03"/>
  <testcase classname="com.SwagLab.TestCases.LoginPageTest" name="verifyUrl" time="0.033"/>
  <testcase classname="com.SwagLab.TestCases.InventoryPageTest" name="verifyProductDetails" time="0.299"/>
  <testcase classname="com.SwagLab.TestCases.LoginPageTest" name="verifyTitle" time="0.136"/>
  <testcase classname="com.SwagLab.TestCases.InventoryPageTest" name="validateAddProductToCart" time="0.386"/>
  <testcase classname="com.SwagLab.TestCases.LoginPageTest" name="validateLogin" time="0.4"/>
</testsuite> <!-- FirefoxTest -->
