<?xml version="1.0" encoding="UTF-8"?>
<!-- Generated by org.testng.reporters.JUnitXMLReporter -->
<testsuite ignored="5" hostname="Priyanka" failures="0" tests="1" name="Test" time="0.097" errors="0" timestamp="2026-07-09T20:34:39 IST">
  <testcase classname="com.WebTesting.TestNG.Tc064_GroupingOfTest" name="addToCart" time="0.018"/>
  <testcase classname="com.WebTesting.TestNG.Tc064_GroupingOfTest" name="search" time="0.0">
    <ignored/>
  </testcase> <!-- search -->
  <testcase classname="com.WebTesting.TestNG.Tc064_GroupingOfTest" name="verifyTitle" time="0.0">
    <ignored/>
  </testcase> <!-- verifyTitle -->
  <testcase classname="com.WebTesting.TestNG.Tc064_GroupingOfTest" name="register" time="0.0">
    <ignored/>
  </testcase> <!-- register -->
  <testcase classname="com.WebTesting.TestNG.Tc064_GroupingOfTest" name="login" time="0.0">
    <ignored/>
  </testcase> <!-- login -->
  <testcase classname="com.WebTesting.TestNG.Tc064_GroupingOfTest" name="logout" time="0.0">
    <ignored/>
  </testcase> <!-- logout -->
</testsuite> <!-- Test -->
