<?xml version="1.0" encoding="UTF-8"?>
<!-- Generated by org.testng.reporters.JUnitXMLReporter -->
<testsuite ignored="0" hostname="Priyanka" failures="0" tests="13" name="Test" time="25.282" errors="0" timestamp="2026-07-21T22:15:52 IST">
  <testcase classname="com.SwagLab.TestCases.LoginPageTest" name="verifyUrl" time="0.053"/>
  <testcase classname="com.SwagLab.TestCases.LoginPageTest" name="verifyTitle" time="0.028"/>
  <testcase classname="com.SwagLab.TestCases.LoginPageTest" name="validateLogin" time="0.985"/>
  <testcase classname="com.SwagLab.TestCases.InventoryPageTest" name="verifyProductCount" time="0.03"/>
  <testcase classname="com.SwagLab.TestCases.InventoryPageTest" name="verifyProductDetails" time="0.284"/>
  <testcase classname="com.SwagLab.TestCases.InventoryPageTest" name="validateAddProductToCart" time="0.511"/>
  <testcase classname="com.SwagLab.TestCases.CartPageTest" name="testForCartProductDetails" time="0.172"/>
  <testcase classname="com.SwagLab.TestCases.CartPageTest" name="testForCartRemoveButton" time="0.226"/>
  <testcase classname="com.SwagLab.TestCases.CartPageTest" name="testForCartContinueShopping" time="0.567"/>
  <testcase classname="com.SwagLab.TestCases.CartPageTest" name="testForCheckoutPageLaunch" time="0.209"/>
  <testcase classname="com.SwagLab.TestCases.CheckoutPageTest" name="doCheckoutProcess" time="0.558"/>
  <testcase classname="com.SwagLab.TestCases.OverviewPageTest" name="getPaymentSummaryDetails" time="0.161"/>
  <testcase classname="com.SwagLab.TestCases.OverviewPageTest" name="testCheckoutProcess" time="0.221"/>
</testsuite> <!-- Test -->
