<?xml version="1.0" encoding="UTF-8"?>
<!-- Generated by org.testng.reporters.JUnitXMLReporter -->
<testsuite ignored="0" hostname="Priyanka" failures="0" tests="13" name="Test" time="28.381" errors="0" timestamp="2026-07-22T21:56:40 IST">
  <testcase classname="com.SwagLab.TestCases.CartPageTest" name="@BeforeClass pageSetup" time="0.46">
    <failure type="org.openqa.selenium.NoSuchWindowException" message="no such window: target window already closed
from unknown error: web view not found
  (Session info: MicrosoftEdge=150.0.4078.83)
Build info: version: &amp;apos;4.45.0&amp;apos;, revision: &amp;apos;cd6a3cd cd6a3cdfca6970f62e5bc8344109d0fe0e2af05e&amp;apos;
System info: os.name: &amp;apos;Windows 11&amp;apos;, os.arch: &amp;apos;amd64&amp;apos;, os.version: &amp;apos;10.0&amp;apos;, java.version: &amp;apos;21.0.6&amp;apos;
Driver info: org.openqa.selenium.edge.EdgeDriver
Command: [59362f8f11cac5b4829989ffe39390bb, findElement {value=password, using=id}]
Capabilities {acceptInsecureCerts: false, browserName: MicrosoftEdge, browserVersion: 150.0.4078.83, fedcm:accounts: true, goog:processID: 28524, ms:edgeOptions: {debuggerAddress: localhost:58057}, msedge: {msedgedriverVersion: 150.0.4078.83 (7f302606e52a..., userDataDir: C:\Users\piyun\AppData\Loca...}, networkConnectionEnabled: false, pageLoadStrategy: normal, platformName: windows, proxy: Proxy(), se:cdp: ws://localhost:58057/devtoo..., se:cdpVersion: 150.0.4078.83, setWindowRect: true, strictFileInteractability: false, timeouts: {implicit: 0, pageLoad: 300000, script: 30000}, unhandledPromptBehavior: dismiss and notify, webauthn:extension:credBlob: true, webauthn:extension:largeBlob: true, webauthn:extension:minPinLength: true, webauthn:extension:prf: true, webauthn:virtualAuthenticators: true}
Session ID: 59362f8f11cac5b4829989ffe39390bb">
      <![CDATA[org.openqa.selenium.NoSuchWindowException: no such window: target window already closed
from unknown error: web view not found
  (Session info: MicrosoftEdge=150.0.4078.83)
Build info: version: '4.45.0', revision: 'cd6a3cd cd6a3cdfca6970f62e5bc8344109d0fe0e2af05e'
System info: os.name: 'Windows 11', os.arch: 'amd64', os.version: '10.0', java.version: '21.0.6'
Driver info: org.openqa.selenium.edge.EdgeDriver
Command: [59362f8f11cac5b4829989ffe39390bb, findElement {value=password, using=id}]
Capabilities {acceptInsecureCerts: false, browserName: MicrosoftEdge, browserVersion: 150.0.4078.83, fedcm:accounts: true, goog:processID: 28524, ms:edgeOptions: {debuggerAddress: localhost:58057}, msedge: {msedgedriverVersion: 150.0.4078.83 (7f302606e52a..., userDataDir: C:\Users\piyun\AppData\Loca...}, networkConnectionEnabled: false, pageLoadStrategy: normal, platformName: windows, proxy: Proxy(), se:cdp: ws://localhost:58057/devtoo..., se:cdpVersion: 150.0.4078.83, setWindowRect: true, strictFileInteractability: false, timeouts: {implicit: 0, pageLoad: 300000, script: 30000}, unhandledPromptBehavior: dismiss and notify, webauthn:extension:credBlob: true, webauthn:extension:largeBlob: true, webauthn:extension:minPinLength: true, webauthn:extension:prf: true, webauthn:virtualAuthenticators: true}
Session ID: 59362f8f11cac5b4829989ffe39390bb
at org.openqa.selenium.remote.ErrorCodec.decode(ErrorCodec.java:169)
at org.openqa.selenium.remote.codec.w3c.W3CHttpResponseCodec.decode(W3CHttpResponseCodec.java:143)
at org.openqa.selenium.remote.codec.w3c.W3CHttpResponseCodec.decode(W3CHttpResponseCodec.java:50)
at org.openqa.selenium.remote.HttpCommandExecutor.execute(HttpCommandExecutor.java:196)
at org.openqa.selenium.remote.service.DriverCommandExecutor.invokeExecute(DriverCommandExecutor.java:217)
at org.openqa.selenium.remote.service.DriverCommandExecutor.execute(DriverCommandExecutor.java:175)
at org.openqa.selenium.remote.RemoteWebDriver.execute(RemoteWebDriver.java:575)
at org.openqa.selenium.remote.ElementLocation$ElementFinder$2.findElement(ElementLocation.java:173)
at org.openqa.selenium.remote.ElementLocation.findElement(ElementLocation.java:60)
at org.openqa.selenium.remote.RemoteWebDriver.findElement(RemoteWebDriver.java:396)
at org.openqa.selenium.remote.RemoteWebDriver.findElement(RemoteWebDriver.java:390)
at org.openqa.selenium.support.pagefactory.DefaultElementLocator.findElement(DefaultElementLocator.java:69)
at org.openqa.selenium.support.pagefactory.internal.LocatingElementHandler.invoke(LocatingElementHandler.java:38)
at jdk.proxy2/jdk.proxy2.$Proxy12.sendKeys(Unknown Source)
at com.SwagLab.Pages.LoginPage.doLogin(LoginPage.java:50)
at com.SwagLab.TestCases.CartPageTest.pageSetup(CartPageTest.java:15)
at java.base/java.util.ArrayList.forEach(ArrayList.java:1596)
... Removed 27 stack frames]]>
    </failure>
  </testcase> <!-- @BeforeClass pageSetup -->
  <testcase classname="com.SwagLab.Pages.BaseTest" name="@AfterClass tearDown" time="0.0">
    <skipped/>
  </testcase> <!-- @AfterClass tearDown -->
  <testcase classname="com.SwagLab.TestCases.CheckoutPageTest" name="@BeforeClass pageSetUp" time="1.107">
    <failure type="java.lang.RuntimeException" message="Unexpected result for screenshot command: null">
      <![CDATA[java.lang.RuntimeException: Unexpected result for screenshot command: null
at org.openqa.selenium.remote.RemoteWebDriver.getScreenshotAs(RemoteWebDriver.java:371)
at com.SwagLab.Utilities.ElementUtil.getScreenshot(ElementUtil.java:26)
at com.SwagLab.Pages.LoginPage.doLogin(LoginPage.java:53)
at com.SwagLab.TestCases.CheckoutPageTest.pageSetUp(CheckoutPageTest.java:14)
at java.base/java.util.ArrayList.forEach(ArrayList.java:1596)
... Removed 27 stack frames]]>
    </failure>
  </testcase> <!-- @BeforeClass pageSetUp -->
  <testcase classname="com.SwagLab.Pages.BaseTest" name="@AfterClass tearDown" time="0.0">
    <skipped/>
  </testcase> <!-- @AfterClass tearDown -->
  <testcase classname="com.SwagLab.TestCases.LoginPageTest" name="verifyUrl" time="0.056"/>
  <testcase classname="com.SwagLab.TestCases.LoginPageTest" name="verifyTitle" time="0.028"/>
  <testcase classname="com.SwagLab.TestCases.LoginPageTest" name="validateLogin" time="1.286"/>
  <testcase classname="com.SwagLab.TestCases.InventoryPageTest" name="verifyProductCount" time="0.035"/>
  <testcase classname="com.SwagLab.TestCases.InventoryPageTest" name="verifyProductDetails" time="0.279"/>
  <testcase classname="com.SwagLab.TestCases.InventoryPageTest" name="validateAddProductToCart" time="0.475"/>
  <testcase classname="com.SwagLab.TestCases.CartPageTest" name="testForCartProductDetails" time="0.0">
    <skipped/>
  </testcase> <!-- testForCartProductDetails -->
  <testcase classname="com.SwagLab.TestCases.CartPageTest" name="testForCartRemoveButton" time="0.0">
    <skipped/>
  </testcase> <!-- testForCartRemoveButton -->
  <testcase classname="com.SwagLab.TestCases.CartPageTest" name="testForCartContinueShopping" time="0.0">
    <skipped/>
  </testcase> <!-- testForCartContinueShopping -->
  <testcase classname="com.SwagLab.TestCases.CartPageTest" name="testForCheckoutPageLaunch" time="0.0">
    <skipped/>
  </testcase> <!-- testForCheckoutPageLaunch -->
  <testcase classname="com.SwagLab.TestCases.CheckoutPageTest" name="doCheckoutProcess" time="0.0">
    <skipped/>
  </testcase> <!-- doCheckoutProcess -->
  <testcase classname="com.SwagLab.TestCases.OverviewPageTest" name="getPaymentSummaryDetails" time="0.19"/>
  <testcase classname="com.SwagLab.TestCases.OverviewPageTest" name="testCheckoutProcess" time="0.313"/>
</testsuite> <!-- Test -->
