<?xml version="1.0" encoding="UTF-8"?>
<testng-results ignored="0" total="3" passed="3" failed="0" skipped="0">
  <reporter-output>
  </reporter-output>
  <suite started-at="2026-07-16T22:04:58 IST" name="Default suite" finished-at="2026-07-16T22:05:03 IST" duration-ms="4893">
    <groups>
    </groups>
    <test started-at="2026-07-16T22:04:58 IST" name="Default test" finished-at="2026-07-16T22:05:03 IST" duration-ms="4893">
      <class name="com.WebTesting.TestNG.PageObjectModelUsingPageFactoryClass.LoginPageTestCase">
        <test-method is-config="true" signature="setUp()[pri:0, instance:com.WebTesting.TestNG.PageObjectModelUsingPageFactoryClass.LoginPageTestCase@10683d9d]" started-at="2026-07-16T22:04:58 IST" name="setUp" finished-at="2026-07-16T22:05:02 IST" duration-ms="3848" status="PASS">
          <reporter-output>
          </reporter-output>
        </test-method> <!-- setUp -->
        <test-method signature="verifyUrl()[pri:1, instance:com.WebTesting.TestNG.PageObjectModelUsingPageFactoryClass.LoginPageTestCase@10683d9d]" started-at="2026-07-16T22:05:02 IST" name="verifyUrl" finished-at="2026-07-16T22:05:02 IST" duration-ms="26" status="PASS">
          <reporter-output>
          </reporter-output>
        </test-method> <!-- verifyUrl -->
        <test-method signature="verifyTitle()[pri:2, instance:com.WebTesting.TestNG.PageObjectModelUsingPageFactoryClass.LoginPageTestCase@10683d9d]" started-at="2026-07-16T22:05:02 IST" name="verifyTitle" finished-at="2026-07-16T22:05:02 IST" duration-ms="16" status="PASS">
          <reporter-output>
          </reporter-output>
        </test-method> <!-- verifyTitle -->
        <test-method signature="validateLogin()[pri:3, instance:com.WebTesting.TestNG.PageObjectModelUsingPageFactoryClass.LoginPageTestCase@10683d9d]" started-at="2026-07-16T22:05:02 IST" name="validateLogin" finished-at="2026-07-16T22:05:03 IST" duration-ms="934" status="PASS">
          <reporter-output>
          </reporter-output>
        </test-method> <!-- validateLogin -->
      </class> <!-- com.WebTesting.TestNG.PageObjectModelUsingPageFactoryClass.LoginPageTestCase -->
    </test> <!-- Default test -->
  </suite> <!-- Default suite -->
</testng-results>
