<?xml version="1.0" encoding="UTF-8"?>
<!-- Generated by org.testng.reporters.JUnitReportReporter -->
<testsuite hostname="Priyanka" failures="0" tests="4" name="com.WebTesting.TestNG.Tc059_TestNGPriorityAttribute" time="0.004" errors="0" timestamp="2026-07-08T22:07:02 IST" skipped="0">
  <testcase classname="com.WebTesting.TestNG.Tc059_TestNGPriorityAttribute" name="register" time="0.001"/>
  <testcase classname="com.WebTesting.TestNG.Tc059_TestNGPriorityAttribute" name="login" time="0.000"/>
  <testcase classname="com.WebTesting.TestNG.Tc059_TestNGPriorityAttribute" name="addToCart" time="0.001"/>
  <testcase classname="com.WebTesting.TestNG.Tc059_TestNGPriorityAttribute" name="logout" time="0.002"/>
</testsuite> <!-- com.WebTesting.TestNG.Tc059_TestNGPriorityAttribute -->
