<?xml version="1.0" encoding="UTF-8"?>
<!-- Generated by org.testng.reporters.JUnitReportReporter -->
<testsuite hostname="Priyanka" failures="0" tests="5" name="com.WebTesting.TestNG.Tc063_TestNGDisableTestFromExecutionusingEnabledAttribute" time="0.007" errors="0" timestamp="2026-07-08T22:07:02 IST" skipped="1">
  <testcase classname="com.WebTesting.TestNG.Tc063_TestNGDisableTestFromExecutionusingEnabledAttribute" name="register" time="0.002"/>
  <testcase classname="com.WebTesting.TestNG.Tc063_TestNGDisableTestFromExecutionusingEnabledAttribute" name="login" time="0.001"/>
  <testcase classname="com.WebTesting.TestNG.Tc063_TestNGDisableTestFromExecutionusingEnabledAttribute" name="search" time="0.003"/>
  <testcase classname="com.WebTesting.TestNG.Tc063_TestNGDisableTestFromExecutionusingEnabledAttribute" name="logout" time="0.001"/>
  <testcase classname="com.WebTesting.TestNG.Tc063_TestNGDisableTestFromExecutionusingEnabledAttribute" name="addToCart">
    <skipped/>
  </testcase> <!-- addToCart -->
</testsuite> <!-- com.WebTesting.TestNG.Tc063_TestNGDisableTestFromExecutionusingEnabledAttribute -->
