<?xml version="1.0" encoding="UTF-8"?>
<!-- Generated by org.testng.reporters.JUnitReportReporter -->
<testsuite hostname="Priyanka" failures="0" tests="3" name="com.WebTesting.TestNG.DataReading.Tc073_ParallelMethodLevel" time="34.670" errors="0" timestamp="2026-07-14T21:57:37 IST" skipped="0">
  <testcase classname="com.WebTesting.TestNG.DataReading.Tc073_ParallelMethodLevel" name="firefoxTest" time="21.943"/>
  <testcase classname="com.WebTesting.TestNG.DataReading.Tc073_ParallelMethodLevel" name="chromeTest" time="6.771"/>
  <testcase classname="com.WebTesting.TestNG.DataReading.Tc073_ParallelMethodLevel" name="edgeTest" time="5.956"/>
</testsuite> <!-- com.WebTesting.TestNG.DataReading.Tc073_ParallelMethodLevel -->
