<?xml version="1.0" encoding="UTF-8"?>
<!-- Generated by org.testng.reporters.JUnitReportReporter -->
<testsuite hostname="Priyanka" failures="0" tests="1" name="com.WebTesting.TestNG.DataReading.Tc077_DataReadingFromPropertiesFileDemo2" time="7.819" errors="0" timestamp="2026-07-15T20:59:26 IST" skipped="0">
  <testcase classname="com.WebTesting.TestNG.DataReading.Tc077_DataReadingFromPropertiesFileDemo2" name="testReadPropertiesfileData" time="7.819"/>
</testsuite> <!-- com.WebTesting.TestNG.DataReading.Tc077_DataReadingFromPropertiesFileDemo2 -->
