<?xml version="1.0" encoding="UTF-8"?>
<!-- Generated by org.testng.reporters.JUnitReportReporter -->
<testsuite hostname="Priyanka" failures="0" tests="5" name="com.WebTesting.TestNG.Tc060_TestNGInvocationCountAttribute" time="0.016" errors="0" timestamp="2026-07-08T22:07:02 IST" skipped="0">
  <testcase classname="com.WebTesting.TestNG.Tc060_TestNGInvocationCountAttribute" name="resgister" time="0.012"/>
  <testcase classname="com.WebTesting.TestNG.Tc060_TestNGInvocationCountAttribute" name="login" time="0.001"/>
  <testcase classname="com.WebTesting.TestNG.Tc060_TestNGInvocationCountAttribute" name="login" time="0.001"/>
  <testcase classname="com.WebTesting.TestNG.Tc060_TestNGInvocationCountAttribute" name="login" time="0.001"/>
  <testcase classname="com.WebTesting.TestNG.Tc060_TestNGInvocationCountAttribute" name="searchProduct" time="0.001"/>
</testsuite> <!-- com.WebTesting.TestNG.Tc060_TestNGInvocationCountAttribute -->
