<?xml version="1.0" encoding="UTF-8"?>
<!-- Generated by org.testng.reporters.JUnitReportReporter -->
<testsuite hostname="Priyanka" failures="0" tests="3" name="com.WebTesting.TestNG.Tc067_AnnotationDetails" time="0.022" errors="0" timestamp="2026-07-09T21:54:12 IST" skipped="0">
  <testcase classname="com.WebTesting.TestNG.Tc067_AnnotationDetails" name="resgisterTest" time="0.016"/>
  <testcase classname="com.WebTesting.TestNG.Tc067_AnnotationDetails" name="loginTest" time="0.002"/>
  <testcase classname="com.WebTesting.TestNG.Tc067_AnnotationDetails" name="logoutTest" time="0.004"/>
</testsuite> <!-- com.WebTesting.TestNG.Tc067_AnnotationDetails -->
