<?xml version="1.0" encoding="UTF-8"?>
<!-- Generated by org.testng.reporters.JUnitReportReporter -->
<testsuite hostname="Priyanka" failures="0" tests="1" name="com.WebTesting.TestNG.DataReading.Tc076_DataReadingFromPropertiesFileDemo1" time="0.017" errors="0" timestamp="2026-07-15T20:31:59 IST" skipped="0">
  <testcase classname="com.WebTesting.TestNG.DataReading.Tc076_DataReadingFromPropertiesFileDemo1" name="testDataReadingFromFile" time="0.017"/>
</testsuite> <!-- com.WebTesting.TestNG.DataReading.Tc076_DataReadingFromPropertiesFileDemo1 -->
