<?xml version="1.0" encoding="UTF-8"?>
<!-- Generated by org.testng.reporters.JUnitReportReporter -->
<testsuite hostname="Priyanka" failures="0" tests="4" name="com.SwagLab.TestCases.CartPageTest" time="1.625" errors="0" timestamp="2026-07-22T21:17:53 IST" skipped="0">
  <testcase classname="com.SwagLab.TestCases.CartPageTest" name="testForCartProductDetails" time="0.178"/>
  <testcase classname="com.SwagLab.TestCases.CartPageTest" name="testForCartRemoveButton" time="0.218"/>
  <testcase classname="com.SwagLab.TestCases.CartPageTest" name="testForCartContinueShopping" time="0.828"/>
  <testcase classname="com.SwagLab.TestCases.CartPageTest" name="testForCheckoutPageLaunch" time="0.401"/>
</testsuite> <!-- com.SwagLab.TestCases.CartPageTest -->
