<?xml version="1.0" encoding="UTF-8"?>
<!-- Generated by org.testng.reporters.JUnitReportReporter -->
<testsuite hostname="Priyanka" failures="0" tests="3" name="com.WebTesting.TestNG.DataReading.Tc072_CrossBrowserTesting" time="43.278" errors="0" timestamp="2026-07-14T21:48:43 IST" skipped="0">
  <testcase classname="com.WebTesting.TestNG.DataReading.Tc072_CrossBrowserTesting" name="testBrowsers" time="9.044"/>
  <testcase classname="com.WebTesting.TestNG.DataReading.Tc072_CrossBrowserTesting" name="testBrowsers" time="9.487"/>
  <testcase classname="com.WebTesting.TestNG.DataReading.Tc072_CrossBrowserTesting" name="testBrowsers" time="24.747"/>
</testsuite> <!-- com.WebTesting.TestNG.DataReading.Tc072_CrossBrowserTesting -->
