<?xml version="1.0" encoding="UTF-8"?>
<!-- Generated by org.testng.reporters.JUnitReportReporter -->
<testsuite hostname="Priyanka" failures="0" tests="1" name="com.WebTesting.TestNG.DataReading.Tc070_DataReadingFromXMLFile" time="0.018" errors="0" timestamp="2026-07-14T21:16:36 IST" skipped="0">
  <testcase classname="com.WebTesting.TestNG.DataReading.Tc070_DataReadingFromXMLFile" name="testLogin" time="0.018"/>
</testsuite> <!-- com.WebTesting.TestNG.DataReading.Tc070_DataReadingFromXMLFile -->
