<?xml version="1.0" encoding="UTF-8"?>
<!-- Generated by org.testng.reporters.JUnitReportReporter -->
<testsuite hostname="Priyanka" failures="0" tests="4" name="com.WebTesting.TestNG.DataDrivenTesting.Tc079_DataDrivenTestingUsingArray" time="0.010" errors="0" timestamp="2026-07-15T21:54:37 IST" skipped="0">
  <testcase classname="com.WebTesting.TestNG.DataDrivenTesting.Tc079_DataDrivenTestingUsingArray" name="testLogin" time="0.000"/>
  <testcase classname="com.WebTesting.TestNG.DataDrivenTesting.Tc079_DataDrivenTestingUsingArray" name="testLogin" time="0.001"/>
  <testcase classname="com.WebTesting.TestNG.DataDrivenTesting.Tc079_DataDrivenTestingUsingArray" name="testLogin" time="0.008"/>
  <testcase classname="com.WebTesting.TestNG.DataDrivenTesting.Tc079_DataDrivenTestingUsingArray" name="testLogin" time="0.001"/>
</testsuite> <!-- com.WebTesting.TestNG.DataDrivenTesting.Tc079_DataDrivenTestingUsingArray -->
