<?xml version="1.0" encoding="UTF-8"?>
<!-- Generated by org.testng.reporters.JUnitReportReporter -->
<testsuite hostname="Priyanka" failures="0" tests="1" name="com.WebTesting.TestNG.DataDrivenTesting.Tc081_ExcelFileReading" time="0.987" errors="0" timestamp="2026-07-16T20:43:07 IST" skipped="0">
  <testcase classname="com.WebTesting.TestNG.DataDrivenTesting.Tc081_ExcelFileReading" name="testFileRead" time="0.987"/>
</testsuite> <!-- com.WebTesting.TestNG.DataDrivenTesting.Tc081_ExcelFileReading -->
