<?xml version="1.0" encoding="UTF-8"?>
<!-- Generated by org.testng.reporters.JUnitReportReporter -->
<testsuite hostname="Priyanka" failures="0" tests="2" name="com.WebTesting.TestNG.Annotation.Tc069_TestOrangeHRMApp" time="3.224" errors="0" timestamp="2026-07-14T20:44:39 IST" skipped="0">
  <testcase classname="com.WebTesting.TestNG.Annotation.Tc069_TestOrangeHRMApp" name="testLogin" time="0.703"/>
  <testcase classname="com.WebTesting.TestNG.Annotation.Tc069_TestOrangeHRMApp" name="testLogout" time="2.521"/>
</testsuite> <!-- com.WebTesting.TestNG.Annotation.Tc069_TestOrangeHRMApp -->
