<?xml version="1.0" encoding="UTF-8"?>
<!-- Generated by org.testng.reporters.JUnitReportReporter -->
<testsuite hostname="Priyanka" failures="0" tests="3" name="com.WebTesting.TestNG.PageObjectModelUsingByClass.LoginPageTestCase" time="1.081" errors="0" timestamp="2026-07-16T21:49:48 IST" skipped="0">
  <testcase classname="com.WebTesting.TestNG.PageObjectModelUsingByClass.LoginPageTestCase" name="verifyUrl" time="0.025"/>
  <testcase classname="com.WebTesting.TestNG.PageObjectModelUsingByClass.LoginPageTestCase" name="verifyTitle" time="0.015"/>
  <testcase classname="com.WebTesting.TestNG.PageObjectModelUsingByClass.LoginPageTestCase" name="validateLogin" time="1.041"/>
</testsuite> <!-- com.WebTesting.TestNG.PageObjectModelUsingByClass.LoginPageTestCase -->
