<?xml version="1.0" encoding="UTF-8"?>
<!-- Generated by org.testng.reporters.JUnitReportReporter -->
<testsuite hostname="Priyanka" failures="0" tests="4" name="com.SwagLab.TestCases.CartPageTest" time="1.174" errors="0" timestamp="2026-07-21T22:15:52 IST" skipped="0">
  <testcase classname="com.SwagLab.TestCases.CartPageTest" name="testForCartProductDetails" time="0.172"/>
  <testcase classname="com.SwagLab.TestCases.CartPageTest" name="testForCartRemoveButton" time="0.226"/>
  <testcase classname="com.SwagLab.TestCases.CartPageTest" name="testForCartContinueShopping" time="0.567"/>
  <testcase classname="com.SwagLab.TestCases.CartPageTest" name="testForCheckoutPageLaunch" time="0.209"/>
</testsuite> <!-- com.SwagLab.TestCases.CartPageTest -->
