<?xml version="1.0" encoding="UTF-8"?>
<!-- Generated by org.testng.reporters.JUnitReportReporter -->
<testsuite hostname="Priyanka" failures="0" tests="3" name="com.WebTesting.TestNG.PageObjectModelUsingPageFactoryClass.LoginPageTestCase" time="0.976" errors="0" timestamp="2026-07-16T22:05:03 IST" skipped="0">
  <testcase classname="com.WebTesting.TestNG.PageObjectModelUsingPageFactoryClass.LoginPageTestCase" name="verifyUrl" time="0.026"/>
  <testcase classname="com.WebTesting.TestNG.PageObjectModelUsingPageFactoryClass.LoginPageTestCase" name="verifyTitle" time="0.016"/>
  <testcase classname="com.WebTesting.TestNG.PageObjectModelUsingPageFactoryClass.LoginPageTestCase" name="validateLogin" time="0.934"/>
</testsuite> <!-- com.WebTesting.TestNG.PageObjectModelUsingPageFactoryClass.LoginPageTestCase -->
