<?xml version="1.0" encoding="UTF-8"?>
<!-- Generated by org.testng.reporters.JUnitReportReporter -->
<testsuite hostname="Priyanka" failures="0" tests="1" name="com.WebTesting.Tc028_JavascriptExecutor_ScrollThePageUsingIUtility" time="10.546" errors="0" timestamp="2026-06-30T21:47:07 IST" skipped="0">
  <testcase classname="com.WebTesting.Tc028_JavascriptExecutor_ScrollThePageUsingIUtility" name="f" time="10.546"/>
</testsuite> <!-- com.WebTesting.Tc028_JavascriptExecutor_ScrollThePageUsingIUtility -->
