<?xml version="1.0" encoding="UTF-8"?>
<!-- Generated by org.testng.reporters.JUnitReportReporter -->
<testsuite hostname="Priyanka" failures="0" tests="3" name="com.SwagLab.TestCases.LoginPageTest" time="1.370" errors="0" timestamp="2026-07-22T21:56:40 IST" skipped="0">
  <testcase classname="com.SwagLab.TestCases.LoginPageTest" name="verifyUrl" time="0.056"/>
  <testcase classname="com.SwagLab.TestCases.LoginPageTest" name="verifyTitle" time="0.028"/>
  <testcase classname="com.SwagLab.TestCases.LoginPageTest" name="validateLogin" time="1.286"/>
</testsuite> <!-- com.SwagLab.TestCases.LoginPageTest -->
